mode: set
github.com/nikolaas/werther/internal/identp/identp.go:79.75,81.2 1 0
github.com/nikolaas/werther/internal/identp/identp.go:84.110,90.2 5 0
github.com/nikolaas/werther/internal/identp/identp.go:106.103,107.54 1 1
github.com/nikolaas/werther/internal/identp/identp.go:107.54,110.22 3 1
github.com/nikolaas/werther/internal/identp/identp.go:116.3,117.17 2 1
github.com/nikolaas/werther/internal/identp/identp.go:132.3,134.14 2 1
github.com/nikolaas/werther/internal/identp/identp.go:145.3,150.77 2 1
github.com/nikolaas/werther/internal/identp/identp.go:110.22,114.4 3 1
github.com/nikolaas/werther/internal/identp/identp.go:117.17,118.29 1 1
github.com/nikolaas/werther/internal/identp/identp.go:128.4,130.10 3 1
github.com/nikolaas/werther/internal/identp/identp.go:119.36,122.11 3 1
github.com/nikolaas/werther/internal/identp/identp.go:123.35,126.11 3 1
github.com/nikolaas/werther/internal/identp/identp.go:134.14,136.18 2 1
github.com/nikolaas/werther/internal/identp/identp.go:141.4,142.10 2 1
github.com/nikolaas/werther/internal/identp/identp.go:136.18,140.5 3 1
github.com/nikolaas/werther/internal/identp/identp.go:150.77,154.4 3 0
github.com/nikolaas/werther/internal/identp/identp.go:158.119,159.54 1 1
github.com/nikolaas/werther/internal/identp/identp.go:159.54,164.22 4 1
github.com/nikolaas/werther/internal/identp/identp.go:170.3,178.75 3 1
github.com/nikolaas/werther/internal/identp/identp.go:197.3,201.17 4 1
github.com/nikolaas/werther/internal/identp/identp.go:211.3,211.52 1 1
github.com/nikolaas/werther/internal/identp/identp.go:164.22,168.4 3 1
github.com/nikolaas/werther/internal/identp/identp.go:179.19,183.77 3 1
github.com/nikolaas/werther/internal/identp/identp.go:187.4,187.10 1 1
github.com/nikolaas/werther/internal/identp/identp.go:188.12,191.77 3 1
github.com/nikolaas/werther/internal/identp/identp.go:195.4,195.10 1 1
github.com/nikolaas/werther/internal/identp/identp.go:183.77,186.5 2 0
github.com/nikolaas/werther/internal/identp/identp.go:191.77,194.5 2 0
github.com/nikolaas/werther/internal/identp/identp.go:201.17,204.78 3 1
github.com/nikolaas/werther/internal/identp/identp.go:208.4,208.10 1 1
github.com/nikolaas/werther/internal/identp/identp.go:204.78,207.5 2 0
github.com/nikolaas/werther/internal/identp/identp.go:224.128,225.54 1 1
github.com/nikolaas/werther/internal/identp/identp.go:225.54,229.22 3 1
github.com/nikolaas/werther/internal/identp/identp.go:235.3,236.17 2 1
github.com/nikolaas/werther/internal/identp/identp.go:251.3,254.17 3 1
github.com/nikolaas/werther/internal/identp/identp.go:259.3,262.29 2 1
github.com/nikolaas/werther/internal/identp/identp.go:279.3,280.17 2 1
github.com/nikolaas/werther/internal/identp/identp.go:285.3,286.52 2 1
github.com/nikolaas/werther/internal/identp/identp.go:229.22,233.4 3 1
github.com/nikolaas/werther/internal/identp/identp.go:236.17,237.29 1 1
github.com/nikolaas/werther/internal/identp/identp.go:247.4,249.10 3 0
github.com/nikolaas/werther/internal/identp/identp.go:238.36,241.11 3 1
github.com/nikolaas/werther/internal/identp/identp.go:242.35,245.11 3 1
github.com/nikolaas/werther/internal/identp/identp.go:254.17,258.4 3 0
github.com/nikolaas/werther/internal/identp/identp.go:262.29,266.60 2 1
github.com/nikolaas/werther/internal/identp/identp.go:274.4,274.14 1 1
github.com/nikolaas/werther/internal/identp/identp.go:266.60,267.47 1 0
github.com/nikolaas/werther/internal/identp/identp.go:267.47,268.25 1 0
github.com/nikolaas/werther/internal/identp/identp.go:268.25,270.12 2 0
github.com/nikolaas/werther/internal/identp/identp.go:274.14,277.5 2 1
github.com/nikolaas/werther/internal/identp/identp.go:280.17,284.4 3 0
github.com/nikolaas/werther/internal/identp/identp.go:298.69,299.54 1 1
github.com/nikolaas/werther/internal/identp/identp.go:299.54,303.22 3 1
github.com/nikolaas/werther/internal/identp/identp.go:309.3,310.17 2 1
github.com/nikolaas/werther/internal/identp/identp.go:321.3,324.17 3 1
github.com/nikolaas/werther/internal/identp/identp.go:329.3,330.52 2 1
github.com/nikolaas/werther/internal/identp/identp.go:303.22,307.4 3 1
github.com/nikolaas/werther/internal/identp/identp.go:310.17,311.29 1 1
github.com/nikolaas/werther/internal/identp/identp.go:317.4,319.10 3 1
github.com/nikolaas/werther/internal/identp/identp.go:312.36,315.11 3 1
github.com/nikolaas/werther/internal/identp/identp.go:324.17,328.4 3 1
github.com/nikolaas/werther/internal/stat/stat.go:24.42,26.2 1 1
github.com/nikolaas/werther/internal/stat/stat.go:29.110,33.2 3 1
github.com/nikolaas/werther/internal/stat/stat.go:35.42,36.54 1 1
github.com/nikolaas/werther/internal/stat/stat.go:36.54,44.57 4 1
github.com/nikolaas/werther/internal/stat/stat.go:44.57,48.4 3 0
github.com/nikolaas/werther/internal/stat/stat.go:52.57,53.54 1 1
github.com/nikolaas/werther/internal/stat/stat.go:53.54,61.57 4 1
github.com/nikolaas/werther/internal/stat/stat.go:61.57,65.4 3 0
github.com/nikolaas/werther/internal/web/web.go:65.57,67.16 2 1
github.com/nikolaas/werther/internal/web/web.go:70.2,71.19 2 1
github.com/nikolaas/werther/internal/web/web.go:74.2,74.68 1 1
github.com/nikolaas/werther/internal/web/web.go:67.16,69.3 1 0
github.com/nikolaas/werther/internal/web/web.go:71.19,73.3 1 1
github.com/nikolaas/werther/internal/web/web.go:78.99,80.16 2 1
github.com/nikolaas/werther/internal/web/web.go:88.2,89.16 2 1
github.com/nikolaas/werther/internal/web/web.go:92.2,93.16 2 1
github.com/nikolaas/werther/internal/web/web.go:96.2,97.16 2 1
github.com/nikolaas/werther/internal/web/web.go:101.2,105.102 2 1
github.com/nikolaas/werther/internal/web/web.go:108.2,108.34 1 1
github.com/nikolaas/werther/internal/web/web.go:111.2,113.12 3 1
github.com/nikolaas/werther/internal/web/web.go:80.16,81.39 1 1
github.com/nikolaas/werther/internal/web/web.go:86.3,86.65 1 0
github.com/nikolaas/werther/internal/web/web.go:81.39,82.28 1 1
github.com/nikolaas/werther/internal/web/web.go:82.28,84.5 1 1
github.com/nikolaas/werther/internal/web/web.go:89.16,91.3 1 0
github.com/nikolaas/werther/internal/web/web.go:93.16,95.3 1 0
github.com/nikolaas/werther/internal/web/web.go:97.16,99.3 1 0
github.com/nikolaas/werther/internal/web/web.go:105.102,107.3 1 0
github.com/nikolaas/werther/internal/web/web.go:108.34,110.3 1 0
github.com/nikolaas/werther/internal/web/web.go:140.50,142.19 2 1
github.com/nikolaas/werther/internal/web/web.go:145.2,145.31 1 1
github.com/nikolaas/werther/internal/web/web.go:142.19,144.3 1 1
github.com/nikolaas/werther/internal/web/web.go:149.116,151.100 2 1
github.com/nikolaas/werther/internal/web/web.go:151.100,154.3 2 1
github.com/nikolaas/werther/internal/web/templates.go:22.60,24.16 2 0
github.com/nikolaas/werther/internal/web/templates.go:28.2,32.16 4 0
github.com/nikolaas/werther/internal/web/templates.go:35.2,35.18 1 0
github.com/nikolaas/werther/internal/web/templates.go:39.2,39.25 1 0
github.com/nikolaas/werther/internal/web/templates.go:24.16,26.3 1 0
github.com/nikolaas/werther/internal/web/templates.go:32.16,34.3 1 0
github.com/nikolaas/werther/internal/web/templates.go:35.18,37.3 1 0
github.com/nikolaas/werther/internal/web/templates.go:55.41,57.2 1 0
github.com/nikolaas/werther/internal/web/templates.go:58.40,60.2 1 0
github.com/nikolaas/werther/internal/web/templates.go:61.46,63.2 1 0
github.com/nikolaas/werther/internal/web/templates.go:64.47,66.2 1 0
github.com/nikolaas/werther/internal/web/templates.go:67.40,69.2 1 0
github.com/nikolaas/werther/internal/web/templates.go:70.45,72.2 1 0
github.com/nikolaas/werther/internal/web/templates.go:76.39,81.2 1 0
github.com/nikolaas/werther/internal/web/templates.go:83.34,85.16 2 0
github.com/nikolaas/werther/internal/web/templates.go:89.2,91.15 3 0
github.com/nikolaas/werther/internal/web/templates.go:85.16,87.3 1 0
github.com/nikolaas/werther/internal/web/templates.go:96.44,101.2 1 0
github.com/nikolaas/werther/internal/web/templates.go:103.39,105.16 2 0
github.com/nikolaas/werther/internal/web/templates.go:109.2,111.15 3 0
github.com/nikolaas/werther/internal/web/templates.go:105.16,107.3 1 0
github.com/nikolaas/werther/internal/web/templates.go:116.44,121.2 1 0
github.com/nikolaas/werther/internal/web/templates.go:123.39,125.16 2 0
github.com/nikolaas/werther/internal/web/templates.go:129.2,131.15 3 0
github.com/nikolaas/werther/internal/web/templates.go:125.16,127.3 1 0
github.com/nikolaas/werther/internal/web/templates.go:137.41,139.42 2 0
github.com/nikolaas/werther/internal/web/templates.go:146.2,146.52 1 0
github.com/nikolaas/werther/internal/web/templates.go:139.42,141.17 2 0
github.com/nikolaas/werther/internal/web/templates.go:144.3,144.22 1 0
github.com/nikolaas/werther/internal/web/templates.go:141.17,143.4 1 0
github.com/nikolaas/werther/internal/web/templates.go:150.47,153.2 2 0
github.com/nikolaas/werther/internal/web/templates.go:157.36,159.16 2 0
github.com/nikolaas/werther/internal/web/templates.go:163.2,163.10 1 0
github.com/nikolaas/werther/internal/web/templates.go:159.16,160.54 1 0
github.com/nikolaas/werther/internal/web/templates.go:168.42,170.2 1 0
github.com/nikolaas/werther/internal/web/templates.go:175.50,177.42 2 0
github.com/nikolaas/werther/internal/web/templates.go:184.2,184.56 1 0
github.com/nikolaas/werther/internal/web/templates.go:177.42,179.17 2 0
github.com/nikolaas/werther/internal/web/templates.go:182.3,182.21 1 0
github.com/nikolaas/werther/internal/web/templates.go:179.17,181.4 1 0
github.com/nikolaas/werther/internal/web/templates.go:189.58,191.42 2 0
github.com/nikolaas/werther/internal/web/templates.go:198.2,198.74 1 0
github.com/nikolaas/werther/internal/web/templates.go:191.42,193.17 2 0
github.com/nikolaas/werther/internal/web/templates.go:196.3,196.23 1 0
github.com/nikolaas/werther/internal/web/templates.go:193.17,195.4 1 0
github.com/nikolaas/werther/internal/web/templates.go:202.54,204.29 2 0
github.com/nikolaas/werther/internal/web/templates.go:211.2,211.16 1 0
github.com/nikolaas/werther/internal/web/templates.go:204.29,206.17 2 0
github.com/nikolaas/werther/internal/web/templates.go:209.3,209.22 1 0
github.com/nikolaas/werther/internal/web/templates.go:206.17,208.4 1 0
github.com/nikolaas/werther/internal/web/templates.go:215.28,217.29 2 0
github.com/nikolaas/werther/internal/web/templates.go:220.2,220.14 1 0
github.com/nikolaas/werther/internal/web/templates.go:217.29,219.3 1 0
github.com/nikolaas/werther/internal/web/templates.go:245.46,247.20 2 0
github.com/nikolaas/werther/internal/web/templates.go:257.2,257.22 1 0
github.com/nikolaas/werther/internal/web/templates.go:260.2,261.39 2 0
github.com/nikolaas/werther/internal/web/templates.go:264.2,264.16 1 0
github.com/nikolaas/werther/internal/web/templates.go:247.20,250.30 3 0
github.com/nikolaas/werther/internal/web/templates.go:250.30,252.19 2 0
github.com/nikolaas/werther/internal/web/templates.go:252.19,254.5 1 0
github.com/nikolaas/werther/internal/web/templates.go:257.22,259.3 1 0
github.com/nikolaas/werther/internal/web/templates.go:261.39,263.3 1 0
github.com/nikolaas/werther/internal/web/templates.go:281.43,283.16 2 0
github.com/nikolaas/werther/internal/web/templates.go:286.2,287.16 2 0
github.com/nikolaas/werther/internal/web/templates.go:290.2,291.16 2 0
github.com/nikolaas/werther/internal/web/templates.go:294.2,295.16 2 0
github.com/nikolaas/werther/internal/web/templates.go:298.2,298.73 1 0
github.com/nikolaas/werther/internal/web/templates.go:283.16,285.3 1 0
github.com/nikolaas/werther/internal/web/templates.go:287.16,289.3 1 0
github.com/nikolaas/werther/internal/web/templates.go:291.16,293.3 1 0
github.com/nikolaas/werther/internal/web/templates.go:295.16,297.3 1 0
github.com/nikolaas/werther/internal/web/templates.go:302.44,305.16 2 0
github.com/nikolaas/werther/internal/web/templates.go:309.2,309.33 1 0
github.com/nikolaas/werther/internal/web/templates.go:315.2,315.12 1 0
github.com/nikolaas/werther/internal/web/templates.go:305.16,307.3 1 0
github.com/nikolaas/werther/internal/web/templates.go:309.33,311.17 2 0
github.com/nikolaas/werther/internal/web/templates.go:311.17,313.4 1 0
github.com/nikolaas/werther/internal/web/templates.go:318.41,321.2 2 0
